c:\users\zlato\documents\visual studio 2013\projects\mapeditor\mapeditor\x64\release\viewer.obj
c:\users\zlato\documents\visual studio 2013\projects\mapeditor\mapeditor\x64\release\tile.obj
c:\users\zlato\documents\visual studio 2013\projects\mapeditor\mapeditor\x64\release\newmapdialog.obj
c:\users\zlato\documents\visual studio 2013\projects\mapeditor\mapeditor\x64\release\mousehandler.obj
c:\users\zlato\documents\visual studio 2013\projects\mapeditor\mapeditor\x64\release\mapeditor.obj
c:\users\zlato\documents\visual studio 2013\projects\mapeditor\mapeditor\x64\release\map.obj
c:\users\zlato\documents\visual studio 2013\projects\mapeditor\mapeditor\x64\release\main.obj
c:\users\zlato\documents\visual studio 2013\projects\mapeditor\mapeditor\x64\release\moc_newmapdialog.obj
c:\users\zlato\documents\visual studio 2013\projects\mapeditor\mapeditor\x64\release\moc_mousehandler.obj
c:\users\zlato\documents\visual studio 2013\projects\mapeditor\mapeditor\x64\release\moc_mapeditor.obj
c:\users\zlato\documents\visual studio 2013\projects\mapeditor\mapeditor\x64\release\block.obj
c:\users\zlato\documents\visual studio 2013\projects\mapeditor\mapeditor\x64\release\qrc_mapeditor.obj
c:\users\zlato\documents\visual studio 2013\projects\mapeditor\mapeditor\x64\release\commands.obj
c:\users\zlato\documents\visual studio 2013\projects\mapeditor\mapeditor\generatedfiles\release\moc_newmapdialog.cpp
c:\users\zlato\documents\visual studio 2013\projects\mapeditor\mapeditor\generatedfiles\qrc_mapeditor.cpp
c:\users\zlato\documents\visual studio 2013\projects\mapeditor\mapeditor\generatedfiles\release\moc_mousehandler.cpp
c:\users\zlato\documents\visual studio 2013\projects\mapeditor\mapeditor\generatedfiles\ui_mapeditor.h
c:\users\zlato\documents\visual studio 2013\projects\mapeditor\mapeditor\generatedfiles\release\moc_mapeditor.cpp
c:\users\zlato\documents\visual studio 2013\projects\mapeditor\x64\release\mapeditor.exe
c:\users\zlato\documents\visual studio 2013\projects\mapeditor\mapeditor\x64\release\mapeditor.tlog\cl.command.1.tlog
c:\users\zlato\documents\visual studio 2013\projects\mapeditor\mapeditor\x64\release\mapeditor.tlog\cl.read.1.tlog
c:\users\zlato\documents\visual studio 2013\projects\mapeditor\mapeditor\x64\release\mapeditor.tlog\cl.write.1.tlog
c:\users\zlato\documents\visual studio 2013\projects\mapeditor\mapeditor\x64\release\mapeditor.tlog\custombuild.command.1.tlog
c:\users\zlato\documents\visual studio 2013\projects\mapeditor\mapeditor\x64\release\mapeditor.tlog\custombuild.read.1.tlog
c:\users\zlato\documents\visual studio 2013\projects\mapeditor\mapeditor\x64\release\mapeditor.tlog\custombuild.write.1.tlog
c:\users\zlato\documents\visual studio 2013\projects\mapeditor\mapeditor\x64\release\mapeditor.tlog\link.command.1.tlog
c:\users\zlato\documents\visual studio 2013\projects\mapeditor\mapeditor\x64\release\mapeditor.tlog\link.read.1.tlog
c:\users\zlato\documents\visual studio 2013\projects\mapeditor\mapeditor\x64\release\mapeditor.tlog\link.write.1.tlog
