Build started 21.04.2017 16:53:51.
     1>Project "C:\Users\zlato\documents\visual studio 2013\Projects\MapEditor\MapEditor\MapEditor.vcxproj" on node 2 (Build target(s)).
     1>CustomBuild:
         Moc'ing MapEditor.h...
         Uic'ing MapEditor.ui...
       ClCompile:
         C:\Program Files (x86)\Microsoft Visual Studio 12.0\VC\bin\x86_amd64\CL.exe /c /I.\GeneratedFiles /I. /IC:\Qt\Qt5.8.0\5.8\msvc2013_64\include /I.\GeneratedFiles\Release /IC:\Qt\Qt5.8.0\5.8\msvc2013_64\include\QtCore /IC:\Qt\Qt5.8.0\5.8\msvc2013_64\include\QtGui /IC:\Qt\Qt5.8.0\5.8\msvc2013_64\include\QtWidgets /IC:\OpenSceneGraph\build64\include /nologo /W1 /WX- /O2 /D UNICODE /D WIN32 /D WIN64 /D QT_DLL /D QT_NO_DEBUG /D NDEBUG /D QT_CORE_LIB /D QT_GUI_LIB /D QT_WIDGETS_LIB /Gm- /EHsc /MD /GS /fp:precise /Zc:wchar_t /Zc:forScope /Fo"x64\Release\\" /Fd"x64\Release\vc120.pdb" /Gd /TP /errorReport:prompt GeneratedFiles\Release\moc_MapEditor.cpp MapEditor.cpp main.cpp
         moc_MapEditor.cpp
         MapEditor.cpp
         main.cpp
         Generating Code...
       Link:
         C:\Program Files (x86)\Microsoft Visual Studio 12.0\VC\bin\x86_amd64\link.exe /ERRORREPORT:PROMPT /OUT:"C:\Users\zlato\documents\visual studio 2013\Projects\MapEditor\x64\Release\\MapEditor.exe" /NOLOGO /LIBPATH:C:\Qt\Qt5.8.0\5.8\msvc2013_64\lib /LIBPATH:C:\OpenSceneGraph\build64\lib qtmain.lib Qt5Core.lib Qt5Gui.lib Qt5Widgets.lib osg.lib osgDB.lib osgGA.lib osgViewer.lib osgFX.lib osgManipulator.lib osgUtil.lib OpenThreads.lib kernel32.lib user32.lib gdi32.lib winspool.lib comdlg32.lib advapi32.lib shell32.lib ole32.lib oleaut32.lib uuid.lib odbc32.lib odbccp32.lib /MANIFEST /MANIFESTUAC:"level='asInvoker' uiAccess='false'" /manifest:embed /PDB:"C:\Users\zlato\documents\visual studio 2013\Projects\MapEditor\x64\Release\MapEditor.pdb" /SUBSYSTEM:WINDOWS /TLBID:1 /DYNAMICBASE /NXCOMPAT /IMPLIB:"C:\Users\zlato\documents\visual studio 2013\Projects\MapEditor\x64\Release\MapEditor.lib" /MACHINE:X64 x64\Release\Block.obj
         x64\Release\qrc_MapEditor.obj
         x64\Release\moc_MapEditor.obj
         x64\Release\moc_MouseHandler.obj
         x64\Release\moc_NewMapDialog.obj
         x64\Release\main.obj
         x64\Release\Map.obj
         x64\Release\MapEditor.obj
         x64\Release\MouseHandler.obj
         x64\Release\NewMapDialog.obj
         x64\Release\Tile.obj
         x64\Release\Viewer.obj
         MapEditor.vcxproj -> C:\Users\zlato\documents\visual studio 2013\Projects\MapEditor\x64\Release\MapEditor.exe
     1>Done Building Project "C:\Users\zlato\documents\visual studio 2013\Projects\MapEditor\MapEditor\MapEditor.vcxproj" (Build target(s)).

Build succeeded.

Time Elapsed 00:00:12.79
