Build started 14.06.2017 16:38:07.
     1>Project "C:\Users\zlato\documents\visual studio 2013\Projects\MapEditor\MapEditor\MapEditor.vcxproj" on node 2 (Build target(s)).
     1>CustomBuild:
         Moc'ing KeyboardMouseHandler.h...
       ClCompile:
         C:\Program Files (x86)\Microsoft Visual Studio 12.0\VC\bin\x86_amd64\CL.exe /c /I.\GeneratedFiles /I. /IC:\Qt\Qt5.8.0\5.8\msvc2013_64\include /I.\GeneratedFiles\Debug /IC:\Qt\Qt5.8.0\5.8\msvc2013_64\include\QtCore /IC:\Qt\Qt5.8.0\5.8\msvc2013_64\include\QtGui /IC:\Qt\Qt5.8.0\5.8\msvc2013_64\include\QtWidgets /IC:\OpenSceneGraph\build64\include /Zi /nologo /W1 /WX- /Od /D UNICODE /D WIN32 /D WIN64 /D QT_DLL /D QT_CORE_LIB /D QT_GUI_LIB /D QT_WIDGETS_LIB /Gm- /EHsc /MDd /GS /fp:precise /Zc:wchar_t /Zc:forScope /Fo"x64\Debug\\" /Fd"x64\Debug\vc120.pdb" /Gd /TP /errorReport:prompt GeneratedFiles\Debug\moc_KeyboardMouseHandler.cpp MapEditor.cpp KeyboardMouseHandler.cpp
         moc_KeyboardMouseHandler.cpp
         MapEditor.cpp
         KeyboardMouseHandler.cpp
         Generating Code...
       Link:
         C:\Program Files (x86)\Microsoft Visual Studio 12.0\VC\bin\x86_amd64\link.exe /ERRORREPORT:PROMPT /OUT:"C:\Users\zlato\documents\visual studio 2013\Projects\MapEditor\x64\Debug\\MapEditor.exe" /NOLOGO /LIBPATH:C:\Qt\Qt5.8.0\5.8\msvc2013_64\lib /LIBPATH:C:\OpenSceneGraph\build64\lib qtmaind.lib Qt5Cored.lib Qt5Guid.lib Qt5Widgetsd.lib osgd.lib osgViewerd.lib osgDBd.lib osgFXd.lib osgGAd.lib osgManipulatord.lib osgUtild.lib kernel32.lib user32.lib gdi32.lib winspool.lib comdlg32.lib advapi32.lib shell32.lib ole32.lib oleaut32.lib uuid.lib odbc32.lib odbccp32.lib /MANIFEST /MANIFESTUAC:"level='asInvoker' uiAccess='false'" /manifest:embed /DEBUG /PDB:"C:\Users\zlato\documents\visual studio 2013\Projects\MapEditor\x64\Debug\MapEditor.pdb" /SUBSYSTEM:WINDOWS /TLBID:1 /DYNAMICBASE /NXCOMPAT /IMPLIB:"C:\Users\zlato\documents\visual studio 2013\Projects\MapEditor\x64\Debug\MapEditor.lib" /MACHINE:X64 x64\Debug\Block.obj
         x64\Debug\BlockEditor.obj
         x64\Debug\Commands.obj
         x64\Debug\Editor.obj
         x64\Debug\moc_KeyboardMouseHandler.obj
         x64\Debug\moc_MapEditor.obj
         x64\Debug\moc_MapSizeDialog.obj
         x64\Debug\qrc_MapEditor.obj
         x64\Debug\main.obj
         x64\Debug\Map.obj
         x64\Debug\MapEditor.obj
         x64\Debug\KeyboardMouseHandler.obj
         x64\Debug\MapSizeDialog.obj
         x64\Debug\Tile.obj
         x64\Debug\Viewer.obj
     1>Viewer.obj : warning LNK4099: PDB 'vc120.pdb' was not found with 'Viewer.obj' or at 'C:\Users\zlato\documents\visual studio 2013\Projects\MapEditor\x64\Debug\vc120.pdb'; linking object as if no debug info
     1>Tile.obj : warning LNK4099: PDB 'vc120.pdb' was not found with 'Tile.obj' or at 'C:\Users\zlato\documents\visual studio 2013\Projects\MapEditor\x64\Debug\vc120.pdb'; linking object as if no debug info
     1>MapSizeDialog.obj : warning LNK4099: PDB 'vc120.pdb' was not found with 'MapSizeDialog.obj' or at 'C:\Users\zlato\documents\visual studio 2013\Projects\MapEditor\x64\Debug\vc120.pdb'; linking object as if no debug info
     1>qrc_MapEditor.obj : warning LNK4099: PDB 'vc120.pdb' was not found with 'qrc_MapEditor.obj' or at 'C:\Users\zlato\documents\visual studio 2013\Projects\MapEditor\x64\Debug\vc120.pdb'; linking object as if no debug info
     1>moc_MapSizeDialog.obj : warning LNK4099: PDB 'vc120.pdb' was not found with 'moc_MapSizeDialog.obj' or at 'C:\Users\zlato\documents\visual studio 2013\Projects\MapEditor\x64\Debug\vc120.pdb'; linking object as if no debug info
     1>Editor.obj : warning LNK4099: PDB 'vc120.pdb' was not found with 'Editor.obj' or at 'C:\Users\zlato\documents\visual studio 2013\Projects\MapEditor\x64\Debug\vc120.pdb'; linking object as if no debug info
         MapEditor.vcxproj -> C:\Users\zlato\documents\visual studio 2013\Projects\MapEditor\x64\Debug\MapEditor.exe
     1>Done Building Project "C:\Users\zlato\documents\visual studio 2013\Projects\MapEditor\MapEditor\MapEditor.vcxproj" (Build target(s)).

Build succeeded.

Time Elapsed 00:00:18.58
