c:\users\zlato\documents\visual studio 2013\projects\mapeditor\mapeditor\x64\debug\vc120.pdb
c:\users\zlato\documents\visual studio 2013\projects\mapeditor\mapeditor\x64\debug\viewer.obj
c:\users\zlato\documents\visual studio 2013\projects\mapeditor\mapeditor\x64\debug\tile.obj
c:\users\zlato\documents\visual studio 2013\projects\mapeditor\mapeditor\x64\debug\mapsizedialog.obj
c:\users\zlato\documents\visual studio 2013\projects\mapeditor\mapeditor\x64\debug\keyboardmousehandler.obj
c:\users\zlato\documents\visual studio 2013\projects\mapeditor\mapeditor\x64\debug\mapeditor.obj
c:\users\zlato\documents\visual studio 2013\projects\mapeditor\mapeditor\x64\debug\map.obj
c:\users\zlato\documents\visual studio 2013\projects\mapeditor\mapeditor\x64\debug\main.obj
c:\users\zlato\documents\visual studio 2013\projects\mapeditor\mapeditor\x64\debug\moc_mapsizedialog.obj
c:\users\zlato\documents\visual studio 2013\projects\mapeditor\mapeditor\x64\debug\moc_mapeditor.obj
c:\users\zlato\documents\visual studio 2013\projects\mapeditor\mapeditor\x64\debug\moc_keyboardmousehandler.obj
c:\users\zlato\documents\visual studio 2013\projects\mapeditor\mapeditor\x64\debug\moc_blockeditdialog.obj
c:\users\zlato\documents\visual studio 2013\projects\mapeditor\mapeditor\x64\debug\commands.obj
c:\users\zlato\documents\visual studio 2013\projects\mapeditor\mapeditor\x64\debug\blocktype.obj
c:\users\zlato\documents\visual studio 2013\projects\mapeditor\mapeditor\x64\debug\blockeditdialog.obj
c:\users\zlato\documents\visual studio 2013\projects\mapeditor\mapeditor\x64\debug\block.obj
c:\users\zlato\documents\visual studio 2013\projects\mapeditor\mapeditor\x64\debug\qrc_mapeditor.obj
c:\users\zlato\documents\visual studio 2013\projects\mapeditor\mapeditor\generatedfiles\debug\moc_keyboardmousehandler.cpp
c:\users\zlato\documents\visual studio 2013\projects\mapeditor\mapeditor\generatedfiles\debug\moc_mapsizedialog.cpp
c:\users\zlato\documents\visual studio 2013\projects\mapeditor\mapeditor\generatedfiles\qrc_mapeditor.cpp
c:\users\zlato\documents\visual studio 2013\projects\mapeditor\mapeditor\generatedfiles\ui_mapeditor.h
c:\users\zlato\documents\visual studio 2013\projects\mapeditor\mapeditor\generatedfiles\debug\moc_mapeditor.cpp
c:\users\zlato\documents\visual studio 2013\projects\mapeditor\mapeditor\generatedfiles\debug\moc_blockeditdialog.cpp
c:\users\zlato\documents\visual studio 2013\projects\mapeditor\x64\debug\mapeditor.ilk
c:\users\zlato\documents\visual studio 2013\projects\mapeditor\x64\debug\mapeditor.exe
c:\users\zlato\documents\visual studio 2013\projects\mapeditor\x64\debug\mapeditor.pdb
c:\users\zlato\documents\visual studio 2013\projects\mapeditor\mapeditor\x64\debug\mapeditor.tlog\cl.command.1.tlog
c:\users\zlato\documents\visual studio 2013\projects\mapeditor\mapeditor\x64\debug\mapeditor.tlog\cl.read.1.tlog
c:\users\zlato\documents\visual studio 2013\projects\mapeditor\mapeditor\x64\debug\mapeditor.tlog\cl.write.1.tlog
c:\users\zlato\documents\visual studio 2013\projects\mapeditor\mapeditor\x64\debug\mapeditor.tlog\custombuild.command.1.tlog
c:\users\zlato\documents\visual studio 2013\projects\mapeditor\mapeditor\x64\debug\mapeditor.tlog\custombuild.read.1.tlog
c:\users\zlato\documents\visual studio 2013\projects\mapeditor\mapeditor\x64\debug\mapeditor.tlog\custombuild.write.1.tlog
c:\users\zlato\documents\visual studio 2013\projects\mapeditor\mapeditor\x64\debug\mapeditor.tlog\link.command.1.tlog
c:\users\zlato\documents\visual studio 2013\projects\mapeditor\mapeditor\x64\debug\mapeditor.tlog\link.read.1.tlog
c:\users\zlato\documents\visual studio 2013\projects\mapeditor\mapeditor\x64\debug\mapeditor.tlog\link.write.1.tlog
